build/outputs/logs/manifest-merger-debug-report.txt
-- Merging decision tree log ---
manifest
ADDED from easyplayer\live555Demo\AndroidManifest.xml:2:1-32:12
INJECTED from easyplayer\live555Demo\AndroidManifest.xml:2:1-32:12
INJECTED from easyplayer\live555Demo\AndroidManifest.xml:2:1-32:12
MERGED from [com.android.support.constraint:constraint-layout:1.1.2] AndroidManifest.xml:2:1-11:12
INJECTED from easyplayer\live555Demo\AndroidManifest.xml:2:1-32:12
INJECTED from easyplayer\live555Demo\AndroidManifest.xml:2:1-32:12
	package
		ADDED from easyplayer\live555Demo\AndroidManifest.xml:3:5-26
	android:versionName
		ADDED from easyplayer\live555Demo\AndroidManifest.xml:5:5-30
		INJECTED from easyplayer\live555Demo\AndroidManifest.xml
		INJECTED from easyplayer\live555Demo\AndroidManifest.xml
	xmlns:android
		ADDED from easyplayer\live555Demo\AndroidManifest.xml:2:11-69
	android:versionCode
		ADDED from easyplayer\live555Demo\AndroidManifest.xml:4:5-28
		INJECTED from easyplayer\live555Demo\AndroidManifest.xml
		INJECTED from easyplayer\live555Demo\AndroidManifest.xml
uses-sdk
ADDED from easyplayer\live555Demo\AndroidManifest.xml:7:5-9:41
MERGED from [com.android.support.constraint:constraint-layout:1.1.2] AndroidManifest.xml:5:5-7:41
MERGED from [com.android.support.constraint:constraint-layout:1.1.2] AndroidManifest.xml:5:5-7:41
	android:targetSdkVersion
		ADDED from easyplayer\live555Demo\AndroidManifest.xml:9:9-38
	android:minSdkVersion
		ADDED from easyplayer\live555Demo\AndroidManifest.xml:8:9-35
uses-permission#android.permission.INTERNET
ADDED from easyplayer\live555Demo\AndroidManifest.xml:11:5-66
	android:name
		ADDED from easyplayer\live555Demo\AndroidManifest.xml:11:22-64
uses-permission#android.permission.READ_EXTERNAL_STORAGE
ADDED from easyplayer\live555Demo\AndroidManifest.xml:12:5-79
	android:name
		ADDED from easyplayer\live555Demo\AndroidManifest.xml:12:22-77
uses-permission#android.permission.WRITE_EXTERNAL_STORAGE
ADDED from easyplayer\live555Demo\AndroidManifest.xml:13:5-80
	android:name
		ADDED from easyplayer\live555Demo\AndroidManifest.xml:13:22-78
application
ADDED from easyplayer\live555Demo\AndroidManifest.xml:15:5-30:19
MERGED from [com.android.support.constraint:constraint-layout:1.1.2] AndroidManifest.xml:9:5-20
MERGED from [com.android.support.constraint:constraint-layout:1.1.2] AndroidManifest.xml:9:5-20
	android:label
		ADDED from easyplayer\live555Demo\AndroidManifest.xml:18:9-41
	android:icon
		ADDED from easyplayer\live555Demo\AndroidManifest.xml:17:9-45
	android:allowBackup
		ADDED from easyplayer\live555Demo\AndroidManifest.xml:16:9-35
	android:theme
		ADDED from easyplayer\live555Demo\AndroidManifest.xml:19:9-40
activity#com.live555.MainActivity
ADDED from easyplayer\live555Demo\AndroidManifest.xml:20:9-28:20
	android:label
		ADDED from easyplayer\live555Demo\AndroidManifest.xml:22:13-45
	android:name
		ADDED from easyplayer\live555Demo\AndroidManifest.xml:21:13-41
intent-filter#action:name:android.intent.action.MAIN+category:name:android.intent.category.LAUNCHER
ADDED from easyplayer\live555Demo\AndroidManifest.xml:23:13-27:29
action#android.intent.action.MAIN
ADDED from easyplayer\live555Demo\AndroidManifest.xml:24:17-69
	android:name
		ADDED from easyplayer\live555Demo\AndroidManifest.xml:24:25-66
category#android.intent.category.LAUNCHER
ADDED from easyplayer\live555Demo\AndroidManifest.xml:26:17-77
	android:name
		ADDED from easyplayer\live555Demo\AndroidManifest.xml:26:27-74
activity#com.live555.MainActivity0
ADDED from easyplayer\live555Demo\AndroidManifest.xml:29:9-71
	android:name
		ADDED from easyplayer\live555Demo\AndroidManifest.xml:29:19-59